<?xml version="1.0" encoding="UTF-8"?>
<!-- Generated by org.testng.reporters.JUnitXMLReporter -->
<testsuite ignored="3" hostname="LAPTOP-408BBOR0" failures="0" tests="1" name="Default test" time="77.729" errors="0" timestamp="2023-12-24T16:43:37 IST">
  <testcase classname="com.fullyfilmy.Test.FullyFilmyTestclass" name="testAddToCartAndUpdate" time="75.504"/>
  <testcase classname="com.fullyfilmy.Test.FullyFilmyTestclass" name="testRegistration" time="0.0">
    <ignored/>
  </testcase> <!-- testRegistration -->
  <testcase classname="com.fullyfilmy.Test.FullyFilmyTestclass" name="testSearchAndWriteToExcel" time="0.0">
    <ignored/>
  </testcase> <!-- testSearchAndWriteToExcel -->
  <testcase classname="com.fullyfilmy.Test.FullyFilmyTestclass" name="testSignIn" time="0.0">
    <ignored/>
  </testcase> <!-- testSignIn -->
</testsuite> <!-- Default test -->
