<?xml version="1.0" encoding="UTF-8"?>
<testng-results ignored="3" total="4" passed="1" failed="0" skipped="0">
  <reporter-output>
  </reporter-output>
  <suite started-at="2023-12-24T16:42:19 IST" name="Default suite" finished-at="2023-12-24T16:43:37 IST" duration-ms="77729">
    <groups>
    </groups>
    <test started-at="2023-12-24T16:42:19 IST" name="Default test" finished-at="2023-12-24T16:43:37 IST" duration-ms="77729">
      <class name="com.fullyfilmy.Test.FullyFilmyTestclass">
        <test-method is-config="true" signature="setup()[pri:0, instance:com.fullyfilmy.Test.FullyFilmyTestclass@a38c7fe]" started-at="2023-12-24T16:42:19 IST" name="setup" finished-at="2023-12-24T16:42:21 IST" duration-ms="1808" status="PASS">
          <reporter-output>
          </reporter-output>
        </test-method> <!-- setup -->
        <test-method signature="testAddToCartAndUpdate()[pri:0, instance:com.fullyfilmy.Test.FullyFilmyTestclass@a38c7fe]" started-at="2023-12-24T16:42:21 IST" name="testAddToCartAndUpdate" finished-at="2023-12-24T16:43:37 IST" duration-ms="75504" status="PASS">
          <reporter-output>
          </reporter-output>
        </test-method> <!-- testAddToCartAndUpdate -->
        <test-method is-config="true" signature="tearDown()[pri:0, instance:com.fullyfilmy.Test.FullyFilmyTestclass@a38c7fe]" started-at="2023-12-24T16:43:37 IST" name="tearDown" finished-at="2023-12-24T16:43:37 IST" duration-ms="356" status="PASS">
          <reporter-output>
          </reporter-output>
        </test-method> <!-- tearDown -->
      </class> <!-- com.fullyfilmy.Test.FullyFilmyTestclass -->
    </test> <!-- Default test -->
  </suite> <!-- Default suite -->
</testng-results>
